2023/05/22 13:06:04 Received {c0 n0 {"type":"init","node_id":"n0","node_ids":["n0"],"msg_id":1}}
2023/05/22 13:06:04 Node n0 initialized
2023/05/22 13:06:04 Sent {"src":"n0","dest":"c0","body":{"in_reply_to":1,"type":"init_ok"}}
2023/05/22 13:06:04 Received {c1 n0 {"type":"topology","topology":{"n0":[]},"msg_id":1}}
2023/05/22 13:06:04 Sent {"src":"n0","dest":"c1","body":{"in_reply_to":1,"type":"topology_ok"}}
2023/05/22 13:06:04 Received {c2 n0 {"type":"read","msg_id":1}}
2023/05/22 13:06:04 Sent {"src":"n0","dest":"c2","body":{"in_reply_to":1,"messages":null,"type":"read_ok"}}
2023/05/22 13:06:05 Received {c2 n0 {"type":"broadcast","message":0,"msg_id":2}}
2023/05/22 13:06:05 Sent {"src":"n0","dest":"c2","body":{"in_reply_to":2,"type":"broadcast_ok"}}
2023/05/22 13:06:05 Received {c2 n0 {"type":"broadcast","message":1,"msg_id":3}}
2023/05/22 13:06:05 Sent {"src":"n0","dest":"c2","body":{"in_reply_to":3,"type":"broadcast_ok"}}
2023/05/22 13:06:05 Received {c2 n0 {"type":"broadcast","message":2,"msg_id":4}}
2023/05/22 13:06:05 Sent {"src":"n0","dest":"c2","body":{"in_reply_to":4,"type":"broadcast_ok"}}
2023/05/22 13:06:05 Received {c2 n0 {"type":"read","msg_id":5}}
2023/05/22 13:06:05 Sent {"src":"n0","dest":"c2","body":{"in_reply_to":5,"messages":[0,1,2],"type":"read_ok"}}
2023/05/22 13:06:05 Received {c2 n0 {"type":"read","msg_id":6}}
2023/05/22 13:06:05 Sent {"src":"n0","dest":"c2","body":{"in_reply_to":6,"messages":[0,1,2],"type":"read_ok"}}
2023/05/22 13:06:05 Received {c2 n0 {"type":"broadcast","message":3,"msg_id":7}}
2023/05/22 13:06:05 Sent {"src":"n0","dest":"c2","body":{"in_reply_to":7,"type":"broadcast_ok"}}
2023/05/22 13:06:05 Received {c2 n0 {"type":"read","msg_id":8}}
2023/05/22 13:06:05 Sent {"src":"n0","dest":"c2","body":{"in_reply_to":8,"messages":[0,1,2,3],"type":"read_ok"}}
2023/05/22 13:06:06 Received {c2 n0 {"type":"read","msg_id":9}}
2023/05/22 13:06:06 Sent {"src":"n0","dest":"c2","body":{"in_reply_to":9,"messages":[0,1,2,3],"type":"read_ok"}}
2023/05/22 13:06:06 Received {c2 n0 {"type":"broadcast","message":4,"msg_id":10}}
2023/05/22 13:06:06 Sent {"src":"n0","dest":"c2","body":{"in_reply_to":10,"type":"broadcast_ok"}}
2023/05/22 13:06:06 Received {c2 n0 {"type":"read","msg_id":11}}
2023/05/22 13:06:06 Sent {"src":"n0","dest":"c2","body":{"in_reply_to":11,"messages":[0,1,2,3,4],"type":"read_ok"}}
2023/05/22 13:06:06 Received {c2 n0 {"type":"read","msg_id":12}}
2023/05/22 13:06:06 Sent {"src":"n0","dest":"c2","body":{"in_reply_to":12,"messages":[0,1,2,3,4],"type":"read_ok"}}
2023/05/22 13:06:06 Received {c2 n0 {"type":"read","msg_id":13}}
2023/05/22 13:06:06 Sent {"src":"n0","dest":"c2","body":{"in_reply_to":13,"messages":[0,1,2,3,4],"type":"read_ok"}}
2023/05/22 13:06:06 Received {c2 n0 {"type":"read","msg_id":14}}
2023/05/22 13:06:06 Sent {"src":"n0","dest":"c2","body":{"in_reply_to":14,"messages":[0,1,2,3,4],"type":"read_ok"}}
2023/05/22 13:06:06 Received {c2 n0 {"type":"broadcast","message":5,"msg_id":15}}
2023/05/22 13:06:06 Sent {"src":"n0","dest":"c2","body":{"in_reply_to":15,"type":"broadcast_ok"}}
2023/05/22 13:06:06 Received {c2 n0 {"type":"broadcast","message":6,"msg_id":16}}
2023/05/22 13:06:06 Sent {"src":"n0","dest":"c2","body":{"in_reply_to":16,"type":"broadcast_ok"}}
2023/05/22 13:06:06 Received {c2 n0 {"type":"broadcast","message":7,"msg_id":17}}
2023/05/22 13:06:06 Sent {"src":"n0","dest":"c2","body":{"in_reply_to":17,"type":"broadcast_ok"}}
2023/05/22 13:06:06 Received {c2 n0 {"type":"broadcast","message":8,"msg_id":18}}
2023/05/22 13:06:06 Sent {"src":"n0","dest":"c2","body":{"in_reply_to":18,"type":"broadcast_ok"}}
2023/05/22 13:06:06 Received {c2 n0 {"type":"read","msg_id":19}}
2023/05/22 13:06:06 Sent {"src":"n0","dest":"c2","body":{"in_reply_to":19,"messages":[0,1,2,3,4,5,6,7,8],"type":"read_ok"}}
2023/05/22 13:06:07 Received {c2 n0 {"type":"read","msg_id":20}}
2023/05/22 13:06:07 Sent {"src":"n0","dest":"c2","body":{"in_reply_to":20,"messages":[0,1,2,3,4,5,6,7,8],"type":"read_ok"}}
2023/05/22 13:06:07 Received {c2 n0 {"type":"read","msg_id":21}}
2023/05/22 13:06:07 Sent {"src":"n0","dest":"c2","body":{"in_reply_to":21,"messages":[0,1,2,3,4,5,6,7,8],"type":"read_ok"}}
2023/05/22 13:06:07 Received {c2 n0 {"type":"broadcast","message":9,"msg_id":22}}
2023/05/22 13:06:07 Sent {"src":"n0","dest":"c2","body":{"in_reply_to":22,"type":"broadcast_ok"}}
2023/05/22 13:06:07 Received {c2 n0 {"type":"read","msg_id":23}}
2023/05/22 13:06:07 Sent {"src":"n0","dest":"c2","body":{"in_reply_to":23,"messages":[0,1,2,3,4,5,6,7,8,9],"type":"read_ok"}}
2023/05/22 13:06:07 Received {c2 n0 {"type":"read","msg_id":24}}
2023/05/22 13:06:07 Sent {"src":"n0","dest":"c2","body":{"in_reply_to":24,"messages":[0,1,2,3,4,5,6,7,8,9],"type":"read_ok"}}
2023/05/22 13:06:07 Received {c2 n0 {"type":"broadcast","message":10,"msg_id":25}}
2023/05/22 13:06:07 Sent {"src":"n0","dest":"c2","body":{"in_reply_to":25,"type":"broadcast_ok"}}
2023/05/22 13:06:07 Received {c2 n0 {"type":"broadcast","message":11,"msg_id":26}}
2023/05/22 13:06:07 Sent {"src":"n0","dest":"c2","body":{"in_reply_to":26,"type":"broadcast_ok"}}
2023/05/22 13:06:07 Received {c2 n0 {"type":"broadcast","message":12,"msg_id":27}}
2023/05/22 13:06:07 Sent {"src":"n0","dest":"c2","body":{"in_reply_to":27,"type":"broadcast_ok"}}
2023/05/22 13:06:07 Received {c2 n0 {"type":"read","msg_id":28}}
2023/05/22 13:06:07 Sent {"src":"n0","dest":"c2","body":{"in_reply_to":28,"messages":[0,1,2,3,4,5,6,7,8,9,10,11,12],"type":"read_ok"}}
2023/05/22 13:06:07 Received {c2 n0 {"type":"broadcast","message":13,"msg_id":29}}
2023/05/22 13:06:07 Sent {"src":"n0","dest":"c2","body":{"in_reply_to":29,"type":"broadcast_ok"}}
2023/05/22 13:06:07 Received {c2 n0 {"type":"read","msg_id":30}}
2023/05/22 13:06:07 Sent {"src":"n0","dest":"c2","body":{"in_reply_to":30,"messages":[0,1,2,3,4,5,6,7,8,9,10,11,12,13],"type":"read_ok"}}
2023/05/22 13:06:08 Received {c2 n0 {"type":"broadcast","message":14,"msg_id":31}}
2023/05/22 13:06:08 Sent {"src":"n0","dest":"c2","body":{"in_reply_to":31,"type":"broadcast_ok"}}
2023/05/22 13:06:08 Received {c2 n0 {"type":"broadcast","message":15,"msg_id":32}}
2023/05/22 13:06:08 Sent {"src":"n0","dest":"c2","body":{"in_reply_to":32,"type":"broadcast_ok"}}
2023/05/22 13:06:08 Received {c2 n0 {"type":"read","msg_id":33}}
2023/05/22 13:06:08 Sent {"src":"n0","dest":"c2","body":{"in_reply_to":33,"messages":[0,1,2,3,4,5,6,7,8,9,10,11,12,13,14,15],"type":"read_ok"}}
2023/05/22 13:06:08 Received {c2 n0 {"type":"broadcast","message":16,"msg_id":34}}
2023/05/22 13:06:08 Sent {"src":"n0","dest":"c2","body":{"in_reply_to":34,"type":"broadcast_ok"}}
2023/05/22 13:06:08 Received {c2 n0 {"type":"read","msg_id":35}}
2023/05/22 13:06:08 Sent {"src":"n0","dest":"c2","body":{"in_reply_to":35,"messages":[0,1,2,3,4,5,6,7,8,9,10,11,12,13,14,15,16],"type":"read_ok"}}
2023/05/22 13:06:08 Received {c2 n0 {"type":"read","msg_id":36}}
2023/05/22 13:06:08 Sent {"src":"n0","dest":"c2","body":{"in_reply_to":36,"messages":[0,1,2,3,4,5,6,7,8,9,10,11,12,13,14,15,16],"type":"read_ok"}}
2023/05/22 13:06:08 Received {c2 n0 {"type":"read","msg_id":37}}
2023/05/22 13:06:08 Sent {"src":"n0","dest":"c2","body":{"in_reply_to":37,"messages":[0,1,2,3,4,5,6,7,8,9,10,11,12,13,14,15,16],"type":"read_ok"}}
2023/05/22 13:06:08 Received {c2 n0 {"type":"read","msg_id":38}}
2023/05/22 13:06:08 Sent {"src":"n0","dest":"c2","body":{"in_reply_to":38,"messages":[0,1,2,3,4,5,6,7,8,9,10,11,12,13,14,15,16],"type":"read_ok"}}
2023/05/22 13:06:08 Received {c2 n0 {"type":"read","msg_id":39}}
2023/05/22 13:06:08 Sent {"src":"n0","dest":"c2","body":{"in_reply_to":39,"messages":[0,1,2,3,4,5,6,7,8,9,10,11,12,13,14,15,16],"type":"read_ok"}}
2023/05/22 13:06:08 Received {c2 n0 {"type":"read","msg_id":40}}
2023/05/22 13:06:08 Sent {"src":"n0","dest":"c2","body":{"in_reply_to":40,"messages":[0,1,2,3,4,5,6,7,8,9,10,11,12,13,14,15,16],"type":"read_ok"}}
2023/05/22 13:06:09 Received {c2 n0 {"type":"read","msg_id":41}}
2023/05/22 13:06:09 Sent {"src":"n0","dest":"c2","body":{"in_reply_to":41,"messages":[0,1,2,3,4,5,6,7,8,9,10,11,12,13,14,15,16],"type":"read_ok"}}
2023/05/22 13:06:09 Received {c2 n0 {"type":"broadcast","message":17,"msg_id":42}}
2023/05/22 13:06:09 Sent {"src":"n0","dest":"c2","body":{"in_reply_to":42,"type":"broadcast_ok"}}
2023/05/22 13:06:09 Received {c2 n0 {"type":"read","msg_id":43}}
2023/05/22 13:06:09 Sent {"src":"n0","dest":"c2","body":{"in_reply_to":43,"messages":[0,1,2,3,4,5,6,7,8,9,10,11,12,13,14,15,16,17],"type":"read_ok"}}
2023/05/22 13:06:09 Received {c2 n0 {"type":"read","msg_id":44}}
2023/05/22 13:06:09 Sent {"src":"n0","dest":"c2","body":{"in_reply_to":44,"messages":[0,1,2,3,4,5,6,7,8,9,10,11,12,13,14,15,16,17],"type":"read_ok"}}
2023/05/22 13:06:09 Received {c2 n0 {"type":"broadcast","message":18,"msg_id":45}}
2023/05/22 13:06:09 Sent {"src":"n0","dest":"c2","body":{"in_reply_to":45,"type":"broadcast_ok"}}
2023/05/22 13:06:09 Received {c2 n0 {"type":"broadcast","message":19,"msg_id":46}}
2023/05/22 13:06:09 Sent {"src":"n0","dest":"c2","body":{"in_reply_to":46,"type":"broadcast_ok"}}
2023/05/22 13:06:09 Received {c2 n0 {"type":"read","msg_id":47}}
2023/05/22 13:06:09 Sent {"src":"n0","dest":"c2","body":{"in_reply_to":47,"messages":[0,1,2,3,4,5,6,7,8,9,10,11,12,13,14,15,16,17,18,19],"type":"read_ok"}}
2023/05/22 13:06:09 Received {c2 n0 {"type":"read","msg_id":48}}
2023/05/22 13:06:09 Sent {"src":"n0","dest":"c2","body":{"in_reply_to":48,"messages":[0,1,2,3,4,5,6,7,8,9,10,11,12,13,14,15,16,17,18,19],"type":"read_ok"}}
2023/05/22 13:06:10 Received {c2 n0 {"type":"broadcast","message":20,"msg_id":49}}
2023/05/22 13:06:10 Sent {"src":"n0","dest":"c2","body":{"in_reply_to":49,"type":"broadcast_ok"}}
2023/05/22 13:06:10 Received {c2 n0 {"type":"read","msg_id":50}}
2023/05/22 13:06:10 Sent {"src":"n0","dest":"c2","body":{"in_reply_to":50,"messages":[0,1,2,3,4,5,6,7,8,9,10,11,12,13,14,15,16,17,18,19,20],"type":"read_ok"}}
2023/05/22 13:06:10 Received {c2 n0 {"type":"read","msg_id":51}}
2023/05/22 13:06:10 Sent {"src":"n0","dest":"c2","body":{"in_reply_to":51,"messages":[0,1,2,3,4,5,6,7,8,9,10,11,12,13,14,15,16,17,18,19,20],"type":"read_ok"}}
2023/05/22 13:06:10 Received {c2 n0 {"type":"broadcast","message":21,"msg_id":52}}
2023/05/22 13:06:10 Sent {"src":"n0","dest":"c2","body":{"in_reply_to":52,"type":"broadcast_ok"}}
2023/05/22 13:06:10 Received {c2 n0 {"type":"broadcast","message":22,"msg_id":53}}
2023/05/22 13:06:10 Sent {"src":"n0","dest":"c2","body":{"in_reply_to":53,"type":"broadcast_ok"}}
2023/05/22 13:06:10 Received {c2 n0 {"type":"read","msg_id":54}}
2023/05/22 13:06:10 Sent {"src":"n0","dest":"c2","body":{"in_reply_to":54,"messages":[0,1,2,3,4,5,6,7,8,9,10,11,12,13,14,15,16,17,18,19,20,21,22],"type":"read_ok"}}
2023/05/22 13:06:11 Received {c2 n0 {"type":"read","msg_id":55}}
2023/05/22 13:06:11 Sent {"src":"n0","dest":"c2","body":{"in_reply_to":55,"messages":[0,1,2,3,4,5,6,7,8,9,10,11,12,13,14,15,16,17,18,19,20,21,22],"type":"read_ok"}}
2023/05/22 13:06:11 Received {c2 n0 {"type":"read","msg_id":56}}
2023/05/22 13:06:11 Sent {"src":"n0","dest":"c2","body":{"in_reply_to":56,"messages":[0,1,2,3,4,5,6,7,8,9,10,11,12,13,14,15,16,17,18,19,20,21,22],"type":"read_ok"}}
2023/05/22 13:06:11 Received {c2 n0 {"type":"broadcast","message":23,"msg_id":57}}
2023/05/22 13:06:11 Sent {"src":"n0","dest":"c2","body":{"in_reply_to":57,"type":"broadcast_ok"}}
2023/05/22 13:06:11 Received {c2 n0 {"type":"read","msg_id":58}}
2023/05/22 13:06:11 Sent {"src":"n0","dest":"c2","body":{"in_reply_to":58,"messages":[0,1,2,3,4,5,6,7,8,9,10,11,12,13,14,15,16,17,18,19,20,21,22,23],"type":"read_ok"}}
2023/05/22 13:06:11 Received {c2 n0 {"type":"broadcast","message":24,"msg_id":59}}
2023/05/22 13:06:11 Sent {"src":"n0","dest":"c2","body":{"in_reply_to":59,"type":"broadcast_ok"}}
2023/05/22 13:06:11 Received {c2 n0 {"type":"broadcast","message":25,"msg_id":60}}
2023/05/22 13:06:11 Sent {"src":"n0","dest":"c2","body":{"in_reply_to":60,"type":"broadcast_ok"}}
2023/05/22 13:06:11 Received {c2 n0 {"type":"read","msg_id":61}}
2023/05/22 13:06:11 Sent {"src":"n0","dest":"c2","body":{"in_reply_to":61,"messages":[0,1,2,3,4,5,6,7,8,9,10,11,12,13,14,15,16,17,18,19,20,21,22,23,24,25],"type":"read_ok"}}
2023/05/22 13:06:11 Received {c2 n0 {"type":"read","msg_id":62}}
2023/05/22 13:06:11 Sent {"src":"n0","dest":"c2","body":{"in_reply_to":62,"messages":[0,1,2,3,4,5,6,7,8,9,10,11,12,13,14,15,16,17,18,19,20,21,22,23,24,25],"type":"read_ok"}}
2023/05/22 13:06:11 Received {c2 n0 {"type":"broadcast","message":26,"msg_id":63}}
2023/05/22 13:06:11 Sent {"src":"n0","dest":"c2","body":{"in_reply_to":63,"type":"broadcast_ok"}}
2023/05/22 13:06:12 Received {c2 n0 {"type":"read","msg_id":64}}
2023/05/22 13:06:12 Sent {"src":"n0","dest":"c2","body":{"in_reply_to":64,"messages":[0,1,2,3,4,5,6,7,8,9,10,11,12,13,14,15,16,17,18,19,20,21,22,23,24,25,26],"type":"read_ok"}}
2023/05/22 13:06:12 Received {c2 n0 {"type":"broadcast","message":27,"msg_id":65}}
2023/05/22 13:06:12 Sent {"src":"n0","dest":"c2","body":{"in_reply_to":65,"type":"broadcast_ok"}}
2023/05/22 13:06:12 Received {c2 n0 {"type":"broadcast","message":28,"msg_id":66}}
2023/05/22 13:06:12 Sent {"src":"n0","dest":"c2","body":{"in_reply_to":66,"type":"broadcast_ok"}}
2023/05/22 13:06:12 Received {c2 n0 {"type":"read","msg_id":67}}
2023/05/22 13:06:12 Sent {"src":"n0","dest":"c2","body":{"in_reply_to":67,"messages":[0,1,2,3,4,5,6,7,8,9,10,11,12,13,14,15,16,17,18,19,20,21,22,23,24,25,26,27,28],"type":"read_ok"}}
2023/05/22 13:06:12 Received {c2 n0 {"type":"read","msg_id":68}}
2023/05/22 13:06:12 Sent {"src":"n0","dest":"c2","body":{"in_reply_to":68,"messages":[0,1,2,3,4,5,6,7,8,9,10,11,12,13,14,15,16,17,18,19,20,21,22,23,24,25,26,27,28],"type":"read_ok"}}
2023/05/22 13:06:12 Received {c2 n0 {"type":"broadcast","message":29,"msg_id":69}}
2023/05/22 13:06:12 Sent {"src":"n0","dest":"c2","body":{"in_reply_to":69,"type":"broadcast_ok"}}
2023/05/22 13:06:12 Received {c2 n0 {"type":"read","msg_id":70}}
2023/05/22 13:06:12 Sent {"src":"n0","dest":"c2","body":{"in_reply_to":70,"messages":[0,1,2,3,4,5,6,7,8,9,10,11,12,13,14,15,16,17,18,19,20,21,22,23,24,25,26,27,28,29],"type":"read_ok"}}
2023/05/22 13:06:12 Received {c2 n0 {"type":"read","msg_id":71}}
2023/05/22 13:06:12 Sent {"src":"n0","dest":"c2","body":{"in_reply_to":71,"messages":[0,1,2,3,4,5,6,7,8,9,10,11,12,13,14,15,16,17,18,19,20,21,22,23,24,25,26,27,28,29],"type":"read_ok"}}
2023/05/22 13:06:12 Received {c2 n0 {"type":"broadcast","message":30,"msg_id":72}}
2023/05/22 13:06:12 Sent {"src":"n0","dest":"c2","body":{"in_reply_to":72,"type":"broadcast_ok"}}
2023/05/22 13:06:12 Received {c2 n0 {"type":"broadcast","message":31,"msg_id":73}}
2023/05/22 13:06:12 Sent {"src":"n0","dest":"c2","body":{"in_reply_to":73,"type":"broadcast_ok"}}
2023/05/22 13:06:12 Received {c2 n0 {"type":"broadcast","message":32,"msg_id":74}}
2023/05/22 13:06:12 Sent {"src":"n0","dest":"c2","body":{"in_reply_to":74,"type":"broadcast_ok"}}
2023/05/22 13:06:12 Received {c2 n0 {"type":"read","msg_id":75}}
2023/05/22 13:06:12 Sent {"src":"n0","dest":"c2","body":{"in_reply_to":75,"messages":[0,1,2,3,4,5,6,7,8,9,10,11,12,13,14,15,16,17,18,19,20,21,22,23,24,25,26,27,28,29,30,31,32],"type":"read_ok"}}
2023/05/22 13:06:13 Received {c2 n0 {"type":"broadcast","message":33,"msg_id":76}}
2023/05/22 13:06:13 Sent {"src":"n0","dest":"c2","body":{"in_reply_to":76,"type":"broadcast_ok"}}
2023/05/22 13:06:13 Received {c2 n0 {"type":"broadcast","message":34,"msg_id":77}}
2023/05/22 13:06:13 Sent {"src":"n0","dest":"c2","body":{"in_reply_to":77,"type":"broadcast_ok"}}
2023/05/22 13:06:13 Received {c2 n0 {"type":"broadcast","message":35,"msg_id":78}}
2023/05/22 13:06:13 Sent {"src":"n0","dest":"c2","body":{"in_reply_to":78,"type":"broadcast_ok"}}
2023/05/22 13:06:13 Received {c2 n0 {"type":"broadcast","message":36,"msg_id":79}}
2023/05/22 13:06:13 Sent {"src":"n0","dest":"c2","body":{"in_reply_to":79,"type":"broadcast_ok"}}
2023/05/22 13:06:13 Received {c2 n0 {"type":"read","msg_id":80}}
2023/05/22 13:06:13 Sent {"src":"n0","dest":"c2","body":{"in_reply_to":80,"messages":[0,1,2,3,4,5,6,7,8,9,10,11,12,13,14,15,16,17,18,19,20,21,22,23,24,25,26,27,28,29,30,31,32,33,34,35,36],"type":"read_ok"}}
2023/05/22 13:06:13 Received {c2 n0 {"type":"read","msg_id":81}}
2023/05/22 13:06:13 Sent {"src":"n0","dest":"c2","body":{"in_reply_to":81,"messages":[0,1,2,3,4,5,6,7,8,9,10,11,12,13,14,15,16,17,18,19,20,21,22,23,24,25,26,27,28,29,30,31,32,33,34,35,36],"type":"read_ok"}}
2023/05/22 13:06:13 Received {c2 n0 {"type":"read","msg_id":82}}
2023/05/22 13:06:13 Sent {"src":"n0","dest":"c2","body":{"in_reply_to":82,"messages":[0,1,2,3,4,5,6,7,8,9,10,11,12,13,14,15,16,17,18,19,20,21,22,23,24,25,26,27,28,29,30,31,32,33,34,35,36],"type":"read_ok"}}
2023/05/22 13:06:13 Received {c2 n0 {"type":"broadcast","message":37,"msg_id":83}}
2023/05/22 13:06:13 Sent {"src":"n0","dest":"c2","body":{"in_reply_to":83,"type":"broadcast_ok"}}
2023/05/22 13:06:14 Received {c2 n0 {"type":"read","msg_id":84}}
2023/05/22 13:06:14 Sent {"src":"n0","dest":"c2","body":{"in_reply_to":84,"messages":[0,1,2,3,4,5,6,7,8,9,10,11,12,13,14,15,16,17,18,19,20,21,22,23,24,25,26,27,28,29,30,31,32,33,34,35,36,37],"type":"read_ok"}}
2023/05/22 13:06:14 Received {c2 n0 {"type":"broadcast","message":38,"msg_id":85}}
2023/05/22 13:06:14 Sent {"src":"n0","dest":"c2","body":{"in_reply_to":85,"type":"broadcast_ok"}}
2023/05/22 13:06:14 Received {c2 n0 {"type":"read","msg_id":86}}
2023/05/22 13:06:14 Sent {"src":"n0","dest":"c2","body":{"in_reply_to":86,"messages":[0,1,2,3,4,5,6,7,8,9,10,11,12,13,14,15,16,17,18,19,20,21,22,23,24,25,26,27,28,29,30,31,32,33,34,35,36,37,38],"type":"read_ok"}}
2023/05/22 13:06:14 Received {c2 n0 {"type":"broadcast","message":39,"msg_id":87}}
2023/05/22 13:06:14 Sent {"src":"n0","dest":"c2","body":{"in_reply_to":87,"type":"broadcast_ok"}}
2023/05/22 13:06:14 Received {c2 n0 {"type":"broadcast","message":40,"msg_id":88}}
2023/05/22 13:06:14 Sent {"src":"n0","dest":"c2","body":{"in_reply_to":88,"type":"broadcast_ok"}}
2023/05/22 13:06:14 Received {c2 n0 {"type":"read","msg_id":89}}
2023/05/22 13:06:14 Sent {"src":"n0","dest":"c2","body":{"in_reply_to":89,"messages":[0,1,2,3,4,5,6,7,8,9,10,11,12,13,14,15,16,17,18,19,20,21,22,23,24,25,26,27,28,29,30,31,32,33,34,35,36,37,38,39,40],"type":"read_ok"}}
2023/05/22 13:06:14 Received {c2 n0 {"type":"read","msg_id":90}}
2023/05/22 13:06:14 Sent {"src":"n0","dest":"c2","body":{"in_reply_to":90,"messages":[0,1,2,3,4,5,6,7,8,9,10,11,12,13,14,15,16,17,18,19,20,21,22,23,24,25,26,27,28,29,30,31,32,33,34,35,36,37,38,39,40],"type":"read_ok"}}
2023/05/22 13:06:14 Received {c2 n0 {"type":"read","msg_id":91}}
2023/05/22 13:06:14 Sent {"src":"n0","dest":"c2","body":{"in_reply_to":91,"messages":[0,1,2,3,4,5,6,7,8,9,10,11,12,13,14,15,16,17,18,19,20,21,22,23,24,25,26,27,28,29,30,31,32,33,34,35,36,37,38,39,40],"type":"read_ok"}}
2023/05/22 13:06:14 Received {c2 n0 {"type":"read","msg_id":92}}
2023/05/22 13:06:14 Sent {"src":"n0","dest":"c2","body":{"in_reply_to":92,"messages":[0,1,2,3,4,5,6,7,8,9,10,11,12,13,14,15,16,17,18,19,20,21,22,23,24,25,26,27,28,29,30,31,32,33,34,35,36,37,38,39,40],"type":"read_ok"}}
2023/05/22 13:06:14 Received {c2 n0 {"type":"read","msg_id":93}}
2023/05/22 13:06:14 Sent {"src":"n0","dest":"c2","body":{"in_reply_to":93,"messages":[0,1,2,3,4,5,6,7,8,9,10,11,12,13,14,15,16,17,18,19,20,21,22,23,24,25,26,27,28,29,30,31,32,33,34,35,36,37,38,39,40],"type":"read_ok"}}
2023/05/22 13:06:15 Received {c2 n0 {"type":"broadcast","message":41,"msg_id":94}}
2023/05/22 13:06:15 Sent {"src":"n0","dest":"c2","body":{"in_reply_to":94,"type":"broadcast_ok"}}
2023/05/22 13:06:15 Received {c2 n0 {"type":"read","msg_id":95}}
2023/05/22 13:06:15 Sent {"src":"n0","dest":"c2","body":{"in_reply_to":95,"messages":[0,1,2,3,4,5,6,7,8,9,10,11,12,13,14,15,16,17,18,19,20,21,22,23,24,25,26,27,28,29,30,31,32,33,34,35,36,37,38,39,40,41],"type":"read_ok"}}
2023/05/22 13:06:15 Received {c2 n0 {"type":"broadcast","message":42,"msg_id":96}}
2023/05/22 13:06:15 Sent {"src":"n0","dest":"c2","body":{"in_reply_to":96,"type":"broadcast_ok"}}
2023/05/22 13:06:15 Received {c2 n0 {"type":"broadcast","message":43,"msg_id":97}}
2023/05/22 13:06:15 Sent {"src":"n0","dest":"c2","body":{"in_reply_to":97,"type":"broadcast_ok"}}
2023/05/22 13:06:15 Received {c2 n0 {"type":"read","msg_id":98}}
2023/05/22 13:06:15 Sent {"src":"n0","dest":"c2","body":{"in_reply_to":98,"messages":[0,1,2,3,4,5,6,7,8,9,10,11,12,13,14,15,16,17,18,19,20,21,22,23,24,25,26,27,28,29,30,31,32,33,34,35,36,37,38,39,40,41,42,43],"type":"read_ok"}}
2023/05/22 13:06:15 Received {c2 n0 {"type":"broadcast","message":44,"msg_id":99}}
2023/05/22 13:06:15 Sent {"src":"n0","dest":"c2","body":{"in_reply_to":99,"type":"broadcast_ok"}}
2023/05/22 13:06:15 Received {c2 n0 {"type":"broadcast","message":45,"msg_id":100}}
2023/05/22 13:06:15 Sent {"src":"n0","dest":"c2","body":{"in_reply_to":100,"type":"broadcast_ok"}}
2023/05/22 13:06:16 Received {c2 n0 {"type":"read","msg_id":101}}
2023/05/22 13:06:16 Sent {"src":"n0","dest":"c2","body":{"in_reply_to":101,"messages":[0,1,2,3,4,5,6,7,8,9,10,11,12,13,14,15,16,17,18,19,20,21,22,23,24,25,26,27,28,29,30,31,32,33,34,35,36,37,38,39,40,41,42,43,44,45],"type":"read_ok"}}
2023/05/22 13:06:16 Received {c2 n0 {"type":"read","msg_id":102}}
2023/05/22 13:06:16 Sent {"src":"n0","dest":"c2","body":{"in_reply_to":102,"messages":[0,1,2,3,4,5,6,7,8,9,10,11,12,13,14,15,16,17,18,19,20,21,22,23,24,25,26,27,28,29,30,31,32,33,34,35,36,37,38,39,40,41,42,43,44,45],"type":"read_ok"}}
2023/05/22 13:06:16 Received {c2 n0 {"type":"read","msg_id":103}}
2023/05/22 13:06:16 Sent {"src":"n0","dest":"c2","body":{"in_reply_to":103,"messages":[0,1,2,3,4,5,6,7,8,9,10,11,12,13,14,15,16,17,18,19,20,21,22,23,24,25,26,27,28,29,30,31,32,33,34,35,36,37,38,39,40,41,42,43,44,45],"type":"read_ok"}}
2023/05/22 13:06:16 Received {c2 n0 {"type":"broadcast","message":46,"msg_id":104}}
2023/05/22 13:06:16 Sent {"src":"n0","dest":"c2","body":{"in_reply_to":104,"type":"broadcast_ok"}}
2023/05/22 13:06:16 Received {c2 n0 {"type":"broadcast","message":47,"msg_id":105}}
2023/05/22 13:06:16 Sent {"src":"n0","dest":"c2","body":{"in_reply_to":105,"type":"broadcast_ok"}}
2023/05/22 13:06:16 Received {c2 n0 {"type":"read","msg_id":106}}
2023/05/22 13:06:16 Sent {"src":"n0","dest":"c2","body":{"in_reply_to":106,"messages":[0,1,2,3,4,5,6,7,8,9,10,11,12,13,14,15,16,17,18,19,20,21,22,23,24,25,26,27,28,29,30,31,32,33,34,35,36,37,38,39,40,41,42,43,44,45,46,47],"type":"read_ok"}}
2023/05/22 13:06:16 Received {c2 n0 {"type":"read","msg_id":107}}
2023/05/22 13:06:16 Sent {"src":"n0","dest":"c2","body":{"in_reply_to":107,"messages":[0,1,2,3,4,5,6,7,8,9,10,11,12,13,14,15,16,17,18,19,20,21,22,23,24,25,26,27,28,29,30,31,32,33,34,35,36,37,38,39,40,41,42,43,44,45,46,47],"type":"read_ok"}}
2023/05/22 13:06:16 Received {c2 n0 {"type":"read","msg_id":108}}
2023/05/22 13:06:16 Sent {"src":"n0","dest":"c2","body":{"in_reply_to":108,"messages":[0,1,2,3,4,5,6,7,8,9,10,11,12,13,14,15,16,17,18,19,20,21,22,23,24,25,26,27,28,29,30,31,32,33,34,35,36,37,38,39,40,41,42,43,44,45,46,47],"type":"read_ok"}}
2023/05/22 13:06:16 Received {c2 n0 {"type":"read","msg_id":109}}
2023/05/22 13:06:16 Sent {"src":"n0","dest":"c2","body":{"in_reply_to":109,"messages":[0,1,2,3,4,5,6,7,8,9,10,11,12,13,14,15,16,17,18,19,20,21,22,23,24,25,26,27,28,29,30,31,32,33,34,35,36,37,38,39,40,41,42,43,44,45,46,47],"type":"read_ok"}}
2023/05/22 13:06:16 Received {c2 n0 {"type":"read","msg_id":110}}
2023/05/22 13:06:16 Sent {"src":"n0","dest":"c2","body":{"in_reply_to":110,"messages":[0,1,2,3,4,5,6,7,8,9,10,11,12,13,14,15,16,17,18,19,20,21,22,23,24,25,26,27,28,29,30,31,32,33,34,35,36,37,38,39,40,41,42,43,44,45,46,47],"type":"read_ok"}}
2023/05/22 13:06:16 Received {c2 n0 {"type":"read","msg_id":111}}
2023/05/22 13:06:16 Sent {"src":"n0","dest":"c2","body":{"in_reply_to":111,"messages":[0,1,2,3,4,5,6,7,8,9,10,11,12,13,14,15,16,17,18,19,20,21,22,23,24,25,26,27,28,29,30,31,32,33,34,35,36,37,38,39,40,41,42,43,44,45,46,47],"type":"read_ok"}}
2023/05/22 13:06:17 Received {c2 n0 {"type":"read","msg_id":112}}
2023/05/22 13:06:17 Sent {"src":"n0","dest":"c2","body":{"in_reply_to":112,"messages":[0,1,2,3,4,5,6,7,8,9,10,11,12,13,14,15,16,17,18,19,20,21,22,23,24,25,26,27,28,29,30,31,32,33,34,35,36,37,38,39,40,41,42,43,44,45,46,47],"type":"read_ok"}}
2023/05/22 13:06:17 Received {c2 n0 {"type":"read","msg_id":113}}
2023/05/22 13:06:17 Sent {"src":"n0","dest":"c2","body":{"in_reply_to":113,"messages":[0,1,2,3,4,5,6,7,8,9,10,11,12,13,14,15,16,17,18,19,20,21,22,23,24,25,26,27,28,29,30,31,32,33,34,35,36,37,38,39,40,41,42,43,44,45,46,47],"type":"read_ok"}}
2023/05/22 13:06:17 Received {c2 n0 {"type":"read","msg_id":114}}
2023/05/22 13:06:17 Sent {"src":"n0","dest":"c2","body":{"in_reply_to":114,"messages":[0,1,2,3,4,5,6,7,8,9,10,11,12,13,14,15,16,17,18,19,20,21,22,23,24,25,26,27,28,29,30,31,32,33,34,35,36,37,38,39,40,41,42,43,44,45,46,47],"type":"read_ok"}}
2023/05/22 13:06:17 Received {c2 n0 {"type":"read","msg_id":115}}
2023/05/22 13:06:17 Sent {"src":"n0","dest":"c2","body":{"in_reply_to":115,"messages":[0,1,2,3,4,5,6,7,8,9,10,11,12,13,14,15,16,17,18,19,20,21,22,23,24,25,26,27,28,29,30,31,32,33,34,35,36,37,38,39,40,41,42,43,44,45,46,47],"type":"read_ok"}}
2023/05/22 13:06:17 Received {c2 n0 {"type":"broadcast","message":48,"msg_id":116}}
2023/05/22 13:06:17 Sent {"src":"n0","dest":"c2","body":{"in_reply_to":116,"type":"broadcast_ok"}}
2023/05/22 13:06:17 Received {c2 n0 {"type":"read","msg_id":117}}
2023/05/22 13:06:17 Sent {"src":"n0","dest":"c2","body":{"in_reply_to":117,"messages":[0,1,2,3,4,5,6,7,8,9,10,11,12,13,14,15,16,17,18,19,20,21,22,23,24,25,26,27,28,29,30,31,32,33,34,35,36,37,38,39,40,41,42,43,44,45,46,47,48],"type":"read_ok"}}
2023/05/22 13:06:17 Received {c2 n0 {"type":"read","msg_id":118}}
2023/05/22 13:06:17 Sent {"src":"n0","dest":"c2","body":{"in_reply_to":118,"messages":[0,1,2,3,4,5,6,7,8,9,10,11,12,13,14,15,16,17,18,19,20,21,22,23,24,25,26,27,28,29,30,31,32,33,34,35,36,37,38,39,40,41,42,43,44,45,46,47,48],"type":"read_ok"}}
2023/05/22 13:06:17 Received {c2 n0 {"type":"read","msg_id":119}}
2023/05/22 13:06:17 Sent {"src":"n0","dest":"c2","body":{"in_reply_to":119,"messages":[0,1,2,3,4,5,6,7,8,9,10,11,12,13,14,15,16,17,18,19,20,21,22,23,24,25,26,27,28,29,30,31,32,33,34,35,36,37,38,39,40,41,42,43,44,45,46,47,48],"type":"read_ok"}}
2023/05/22 13:06:17 Received {c2 n0 {"type":"read","msg_id":120}}
2023/05/22 13:06:17 Sent {"src":"n0","dest":"c2","body":{"in_reply_to":120,"messages":[0,1,2,3,4,5,6,7,8,9,10,11,12,13,14,15,16,17,18,19,20,21,22,23,24,25,26,27,28,29,30,31,32,33,34,35,36,37,38,39,40,41,42,43,44,45,46,47,48],"type":"read_ok"}}
2023/05/22 13:06:17 Received {c2 n0 {"type":"read","msg_id":121}}
2023/05/22 13:06:17 Sent {"src":"n0","dest":"c2","body":{"in_reply_to":121,"messages":[0,1,2,3,4,5,6,7,8,9,10,11,12,13,14,15,16,17,18,19,20,21,22,23,24,25,26,27,28,29,30,31,32,33,34,35,36,37,38,39,40,41,42,43,44,45,46,47,48],"type":"read_ok"}}
2023/05/22 13:06:18 Received {c2 n0 {"type":"broadcast","message":49,"msg_id":122}}
2023/05/22 13:06:18 Sent {"src":"n0","dest":"c2","body":{"in_reply_to":122,"type":"broadcast_ok"}}
2023/05/22 13:06:18 Received {c2 n0 {"type":"read","msg_id":123}}
2023/05/22 13:06:18 Sent {"src":"n0","dest":"c2","body":{"in_reply_to":123,"messages":[0,1,2,3,4,5,6,7,8,9,10,11,12,13,14,15,16,17,18,19,20,21,22,23,24,25,26,27,28,29,30,31,32,33,34,35,36,37,38,39,40,41,42,43,44,45,46,47,48,49],"type":"read_ok"}}
2023/05/22 13:06:18 Received {c2 n0 {"type":"broadcast","message":50,"msg_id":124}}
2023/05/22 13:06:18 Sent {"src":"n0","dest":"c2","body":{"in_reply_to":124,"type":"broadcast_ok"}}
2023/05/22 13:06:18 Received {c2 n0 {"type":"broadcast","message":51,"msg_id":125}}
2023/05/22 13:06:18 Sent {"src":"n0","dest":"c2","body":{"in_reply_to":125,"type":"broadcast_ok"}}
2023/05/22 13:06:18 Received {c2 n0 {"type":"read","msg_id":126}}
2023/05/22 13:06:18 Sent {"src":"n0","dest":"c2","body":{"in_reply_to":126,"messages":[0,1,2,3,4,5,6,7,8,9,10,11,12,13,14,15,16,17,18,19,20,21,22,23,24,25,26,27,28,29,30,31,32,33,34,35,36,37,38,39,40,41,42,43,44,45,46,47,48,49,50,51],"type":"read_ok"}}
2023/05/22 13:06:18 Received {c2 n0 {"type":"read","msg_id":127}}
2023/05/22 13:06:18 Sent {"src":"n0","dest":"c2","body":{"in_reply_to":127,"messages":[0,1,2,3,4,5,6,7,8,9,10,11,12,13,14,15,16,17,18,19,20,21,22,23,24,25,26,27,28,29,30,31,32,33,34,35,36,37,38,39,40,41,42,43,44,45,46,47,48,49,50,51],"type":"read_ok"}}
2023/05/22 13:06:18 Received {c2 n0 {"type":"broadcast","message":52,"msg_id":128}}
2023/05/22 13:06:18 Sent {"src":"n0","dest":"c2","body":{"in_reply_to":128,"type":"broadcast_ok"}}
2023/05/22 13:06:18 Received {c2 n0 {"type":"broadcast","message":53,"msg_id":129}}
2023/05/22 13:06:18 Sent {"src":"n0","dest":"c2","body":{"in_reply_to":129,"type":"broadcast_ok"}}
2023/05/22 13:06:18 Received {c2 n0 {"type":"read","msg_id":130}}
2023/05/22 13:06:18 Sent {"src":"n0","dest":"c2","body":{"in_reply_to":130,"messages":[0,1,2,3,4,5,6,7,8,9,10,11,12,13,14,15,16,17,18,19,20,21,22,23,24,25,26,27,28,29,30,31,32,33,34,35,36,37,38,39,40,41,42,43,44,45,46,47,48,49,50,51,52,53],"type":"read_ok"}}
2023/05/22 13:06:19 Received {c2 n0 {"type":"broadcast","message":54,"msg_id":131}}
2023/05/22 13:06:19 Sent {"src":"n0","dest":"c2","body":{"in_reply_to":131,"type":"broadcast_ok"}}
2023/05/22 13:06:19 Received {c2 n0 {"type":"read","msg_id":132}}
2023/05/22 13:06:19 Sent {"src":"n0","dest":"c2","body":{"in_reply_to":132,"messages":[0,1,2,3,4,5,6,7,8,9,10,11,12,13,14,15,16,17,18,19,20,21,22,23,24,25,26,27,28,29,30,31,32,33,34,35,36,37,38,39,40,41,42,43,44,45,46,47,48,49,50,51,52,53,54],"type":"read_ok"}}
2023/05/22 13:06:19 Received {c2 n0 {"type":"broadcast","message":55,"msg_id":133}}
2023/05/22 13:06:19 Sent {"src":"n0","dest":"c2","body":{"in_reply_to":133,"type":"broadcast_ok"}}
2023/05/22 13:06:19 Received {c2 n0 {"type":"read","msg_id":134}}
2023/05/22 13:06:19 Sent {"src":"n0","dest":"c2","body":{"in_reply_to":134,"messages":[0,1,2,3,4,5,6,7,8,9,10,11,12,13,14,15,16,17,18,19,20,21,22,23,24,25,26,27,28,29,30,31,32,33,34,35,36,37,38,39,40,41,42,43,44,45,46,47,48,49,50,51,52,53,54,55],"type":"read_ok"}}
2023/05/22 13:06:19 Received {c2 n0 {"type":"read","msg_id":135}}
2023/05/22 13:06:19 Sent {"src":"n0","dest":"c2","body":{"in_reply_to":135,"messages":[0,1,2,3,4,5,6,7,8,9,10,11,12,13,14,15,16,17,18,19,20,21,22,23,24,25,26,27,28,29,30,31,32,33,34,35,36,37,38,39,40,41,42,43,44,45,46,47,48,49,50,51,52,53,54,55],"type":"read_ok"}}
2023/05/22 13:06:19 Received {c2 n0 {"type":"read","msg_id":136}}
2023/05/22 13:06:19 Sent {"src":"n0","dest":"c2","body":{"in_reply_to":136,"messages":[0,1,2,3,4,5,6,7,8,9,10,11,12,13,14,15,16,17,18,19,20,21,22,23,24,25,26,27,28,29,30,31,32,33,34,35,36,37,38,39,40,41,42,43,44,45,46,47,48,49,50,51,52,53,54,55],"type":"read_ok"}}
2023/05/22 13:06:19 Received {c2 n0 {"type":"broadcast","message":56,"msg_id":137}}
2023/05/22 13:06:19 Sent {"src":"n0","dest":"c2","body":{"in_reply_to":137,"type":"broadcast_ok"}}
2023/05/22 13:06:19 Received {c2 n0 {"type":"read","msg_id":138}}
2023/05/22 13:06:19 Sent {"src":"n0","dest":"c2","body":{"in_reply_to":138,"messages":[0,1,2,3,4,5,6,7,8,9,10,11,12,13,14,15,16,17,18,19,20,21,22,23,24,25,26,27,28,29,30,31,32,33,34,35,36,37,38,39,40,41,42,43,44,45,46,47,48,49,50,51,52,53,54,55,56],"type":"read_ok"}}
2023/05/22 13:06:20 Received {c2 n0 {"type":"read","msg_id":139}}
2023/05/22 13:06:20 Sent {"src":"n0","dest":"c2","body":{"in_reply_to":139,"messages":[0,1,2,3,4,5,6,7,8,9,10,11,12,13,14,15,16,17,18,19,20,21,22,23,24,25,26,27,28,29,30,31,32,33,34,35,36,37,38,39,40,41,42,43,44,45,46,47,48,49,50,51,52,53,54,55,56],"type":"read_ok"}}
2023/05/22 13:06:20 Received {c2 n0 {"type":"read","msg_id":140}}
2023/05/22 13:06:20 Sent {"src":"n0","dest":"c2","body":{"in_reply_to":140,"messages":[0,1,2,3,4,5,6,7,8,9,10,11,12,13,14,15,16,17,18,19,20,21,22,23,24,25,26,27,28,29,30,31,32,33,34,35,36,37,38,39,40,41,42,43,44,45,46,47,48,49,50,51,52,53,54,55,56],"type":"read_ok"}}
2023/05/22 13:06:20 Received {c2 n0 {"type":"read","msg_id":141}}
2023/05/22 13:06:20 Sent {"src":"n0","dest":"c2","body":{"in_reply_to":141,"messages":[0,1,2,3,4,5,6,7,8,9,10,11,12,13,14,15,16,17,18,19,20,21,22,23,24,25,26,27,28,29,30,31,32,33,34,35,36,37,38,39,40,41,42,43,44,45,46,47,48,49,50,51,52,53,54,55,56],"type":"read_ok"}}
2023/05/22 13:06:20 Received {c2 n0 {"type":"broadcast","message":57,"msg_id":142}}
2023/05/22 13:06:20 Sent {"src":"n0","dest":"c2","body":{"in_reply_to":142,"type":"broadcast_ok"}}
2023/05/22 13:06:20 Received {c2 n0 {"type":"broadcast","message":58,"msg_id":143}}
2023/05/22 13:06:20 Sent {"src":"n0","dest":"c2","body":{"in_reply_to":143,"type":"broadcast_ok"}}
2023/05/22 13:06:20 Received {c2 n0 {"type":"read","msg_id":144}}
2023/05/22 13:06:20 Sent {"src":"n0","dest":"c2","body":{"in_reply_to":144,"messages":[0,1,2,3,4,5,6,7,8,9,10,11,12,13,14,15,16,17,18,19,20,21,22,23,24,25,26,27,28,29,30,31,32,33,34,35,36,37,38,39,40,41,42,43,44,45,46,47,48,49,50,51,52,53,54,55,56,57,58],"type":"read_ok"}}
2023/05/22 13:06:20 Received {c2 n0 {"type":"read","msg_id":145}}
2023/05/22 13:06:20 Sent {"src":"n0","dest":"c2","body":{"in_reply_to":145,"messages":[0,1,2,3,4,5,6,7,8,9,10,11,12,13,14,15,16,17,18,19,20,21,22,23,24,25,26,27,28,29,30,31,32,33,34,35,36,37,38,39,40,41,42,43,44,45,46,47,48,49,50,51,52,53,54,55,56,57,58],"type":"read_ok"}}
2023/05/22 13:06:20 Received {c2 n0 {"type":"read","msg_id":146}}
2023/05/22 13:06:20 Sent {"src":"n0","dest":"c2","body":{"in_reply_to":146,"messages":[0,1,2,3,4,5,6,7,8,9,10,11,12,13,14,15,16,17,18,19,20,21,22,23,24,25,26,27,28,29,30,31,32,33,34,35,36,37,38,39,40,41,42,43,44,45,46,47,48,49,50,51,52,53,54,55,56,57,58],"type":"read_ok"}}
2023/05/22 13:06:20 Received {c2 n0 {"type":"read","msg_id":147}}
2023/05/22 13:06:20 Sent {"src":"n0","dest":"c2","body":{"in_reply_to":147,"messages":[0,1,2,3,4,5,6,7,8,9,10,11,12,13,14,15,16,17,18,19,20,21,22,23,24,25,26,27,28,29,30,31,32,33,34,35,36,37,38,39,40,41,42,43,44,45,46,47,48,49,50,51,52,53,54,55,56,57,58],"type":"read_ok"}}
2023/05/22 13:06:20 Received {c2 n0 {"type":"broadcast","message":59,"msg_id":148}}
2023/05/22 13:06:20 Sent {"src":"n0","dest":"c2","body":{"in_reply_to":148,"type":"broadcast_ok"}}
2023/05/22 13:06:20 Received {c2 n0 {"type":"broadcast","message":60,"msg_id":149}}
2023/05/22 13:06:20 Sent {"src":"n0","dest":"c2","body":{"in_reply_to":149,"type":"broadcast_ok"}}
2023/05/22 13:06:21 Received {c2 n0 {"type":"broadcast","message":61,"msg_id":150}}
2023/05/22 13:06:21 Sent {"src":"n0","dest":"c2","body":{"in_reply_to":150,"type":"broadcast_ok"}}
2023/05/22 13:06:21 Received {c2 n0 {"type":"read","msg_id":151}}
2023/05/22 13:06:21 Sent {"src":"n0","dest":"c2","body":{"in_reply_to":151,"messages":[0,1,2,3,4,5,6,7,8,9,10,11,12,13,14,15,16,17,18,19,20,21,22,23,24,25,26,27,28,29,30,31,32,33,34,35,36,37,38,39,40,41,42,43,44,45,46,47,48,49,50,51,52,53,54,55,56,57,58,59,60,61],"type":"read_ok"}}
2023/05/22 13:06:21 Received {c2 n0 {"type":"broadcast","message":62,"msg_id":152}}
2023/05/22 13:06:21 Sent {"src":"n0","dest":"c2","body":{"in_reply_to":152,"type":"broadcast_ok"}}
2023/05/22 13:06:21 Received {c2 n0 {"type":"read","msg_id":153}}
2023/05/22 13:06:21 Sent {"src":"n0","dest":"c2","body":{"in_reply_to":153,"messages":[0,1,2,3,4,5,6,7,8,9,10,11,12,13,14,15,16,17,18,19,20,21,22,23,24,25,26,27,28,29,30,31,32,33,34,35,36,37,38,39,40,41,42,43,44,45,46,47,48,49,50,51,52,53,54,55,56,57,58,59,60,61,62],"type":"read_ok"}}
2023/05/22 13:06:21 Received {c2 n0 {"type":"broadcast","message":63,"msg_id":154}}
2023/05/22 13:06:21 Sent {"src":"n0","dest":"c2","body":{"in_reply_to":154,"type":"broadcast_ok"}}
2023/05/22 13:06:21 Received {c2 n0 {"type":"read","msg_id":155}}
2023/05/22 13:06:21 Sent {"src":"n0","dest":"c2","body":{"in_reply_to":155,"messages":[0,1,2,3,4,5,6,7,8,9,10,11,12,13,14,15,16,17,18,19,20,21,22,23,24,25,26,27,28,29,30,31,32,33,34,35,36,37,38,39,40,41,42,43,44,45,46,47,48,49,50,51,52,53,54,55,56,57,58,59,60,61,62,63],"type":"read_ok"}}
2023/05/22 13:06:21 Received {c2 n0 {"type":"read","msg_id":156}}
2023/05/22 13:06:21 Sent {"src":"n0","dest":"c2","body":{"in_reply_to":156,"messages":[0,1,2,3,4,5,6,7,8,9,10,11,12,13,14,15,16,17,18,19,20,21,22,23,24,25,26,27,28,29,30,31,32,33,34,35,36,37,38,39,40,41,42,43,44,45,46,47,48,49,50,51,52,53,54,55,56,57,58,59,60,61,62,63],"type":"read_ok"}}
2023/05/22 13:06:21 Received {c2 n0 {"type":"broadcast","message":64,"msg_id":157}}
2023/05/22 13:06:21 Sent {"src":"n0","dest":"c2","body":{"in_reply_to":157,"type":"broadcast_ok"}}
2023/05/22 13:06:21 Received {c2 n0 {"type":"broadcast","message":65,"msg_id":158}}
2023/05/22 13:06:21 Sent {"src":"n0","dest":"c2","body":{"in_reply_to":158,"type":"broadcast_ok"}}
2023/05/22 13:06:21 Received {c2 n0 {"type":"broadcast","message":66,"msg_id":159}}
2023/05/22 13:06:21 Sent {"src":"n0","dest":"c2","body":{"in_reply_to":159,"type":"broadcast_ok"}}
2023/05/22 13:06:22 Received {c2 n0 {"type":"broadcast","message":67,"msg_id":160}}
2023/05/22 13:06:22 Sent {"src":"n0","dest":"c2","body":{"in_reply_to":160,"type":"broadcast_ok"}}
2023/05/22 13:06:22 Received {c2 n0 {"type":"read","msg_id":161}}
2023/05/22 13:06:22 Sent {"src":"n0","dest":"c2","body":{"in_reply_to":161,"messages":[0,1,2,3,4,5,6,7,8,9,10,11,12,13,14,15,16,17,18,19,20,21,22,23,24,25,26,27,28,29,30,31,32,33,34,35,36,37,38,39,40,41,42,43,44,45,46,47,48,49,50,51,52,53,54,55,56,57,58,59,60,61,62,63,64,65,66,67],"type":"read_ok"}}
2023/05/22 13:06:22 Received {c2 n0 {"type":"broadcast","message":68,"msg_id":162}}
2023/05/22 13:06:22 Sent {"src":"n0","dest":"c2","body":{"in_reply_to":162,"type":"broadcast_ok"}}
2023/05/22 13:06:22 Received {c2 n0 {"type":"broadcast","message":69,"msg_id":163}}
2023/05/22 13:06:22 Sent {"src":"n0","dest":"c2","body":{"in_reply_to":163,"type":"broadcast_ok"}}
2023/05/22 13:06:22 Received {c2 n0 {"type":"broadcast","message":70,"msg_id":164}}
2023/05/22 13:06:22 Sent {"src":"n0","dest":"c2","body":{"in_reply_to":164,"type":"broadcast_ok"}}
2023/05/22 13:06:22 Received {c2 n0 {"type":"broadcast","message":71,"msg_id":165}}
2023/05/22 13:06:22 Sent {"src":"n0","dest":"c2","body":{"in_reply_to":165,"type":"broadcast_ok"}}
2023/05/22 13:06:22 Received {c2 n0 {"type":"broadcast","message":72,"msg_id":166}}
2023/05/22 13:06:22 Sent {"src":"n0","dest":"c2","body":{"in_reply_to":166,"type":"broadcast_ok"}}
2023/05/22 13:06:22 Received {c2 n0 {"type":"broadcast","message":73,"msg_id":167}}
2023/05/22 13:06:22 Sent {"src":"n0","dest":"c2","body":{"in_reply_to":167,"type":"broadcast_ok"}}
2023/05/22 13:06:23 Received {c2 n0 {"type":"read","msg_id":168}}
2023/05/22 13:06:23 Sent {"src":"n0","dest":"c2","body":{"in_reply_to":168,"messages":[0,1,2,3,4,5,6,7,8,9,10,11,12,13,14,15,16,17,18,19,20,21,22,23,24,25,26,27,28,29,30,31,32,33,34,35,36,37,38,39,40,41,42,43,44,45,46,47,48,49,50,51,52,53,54,55,56,57,58,59,60,61,62,63,64,65,66,67,68,69,70,71,72,73],"type":"read_ok"}}
2023/05/22 13:06:23 Received {c2 n0 {"type":"read","msg_id":169}}
2023/05/22 13:06:23 Sent {"src":"n0","dest":"c2","body":{"in_reply_to":169,"messages":[0,1,2,3,4,5,6,7,8,9,10,11,12,13,14,15,16,17,18,19,20,21,22,23,24,25,26,27,28,29,30,31,32,33,34,35,36,37,38,39,40,41,42,43,44,45,46,47,48,49,50,51,52,53,54,55,56,57,58,59,60,61,62,63,64,65,66,67,68,69,70,71,72,73],"type":"read_ok"}}
2023/05/22 13:06:23 Received {c2 n0 {"type":"read","msg_id":170}}
2023/05/22 13:06:23 Sent {"src":"n0","dest":"c2","body":{"in_reply_to":170,"messages":[0,1,2,3,4,5,6,7,8,9,10,11,12,13,14,15,16,17,18,19,20,21,22,23,24,25,26,27,28,29,30,31,32,33,34,35,36,37,38,39,40,41,42,43,44,45,46,47,48,49,50,51,52,53,54,55,56,57,58,59,60,61,62,63,64,65,66,67,68,69,70,71,72,73],"type":"read_ok"}}
2023/05/22 13:06:23 Received {c2 n0 {"type":"broadcast","message":74,"msg_id":171}}
2023/05/22 13:06:23 Sent {"src":"n0","dest":"c2","body":{"in_reply_to":171,"type":"broadcast_ok"}}
2023/05/22 13:06:23 Received {c2 n0 {"type":"broadcast","message":75,"msg_id":172}}
2023/05/22 13:06:23 Sent {"src":"n0","dest":"c2","body":{"in_reply_to":172,"type":"broadcast_ok"}}
2023/05/22 13:06:23 Received {c2 n0 {"type":"read","msg_id":173}}
2023/05/22 13:06:23 Sent {"src":"n0","dest":"c2","body":{"in_reply_to":173,"messages":[0,1,2,3,4,5,6,7,8,9,10,11,12,13,14,15,16,17,18,19,20,21,22,23,24,25,26,27,28,29,30,31,32,33,34,35,36,37,38,39,40,41,42,43,44,45,46,47,48,49,50,51,52,53,54,55,56,57,58,59,60,61,62,63,64,65,66,67,68,69,70,71,72,73,74,75],"type":"read_ok"}}
2023/05/22 13:06:23 Received {c2 n0 {"type":"read","msg_id":174}}
2023/05/22 13:06:23 Sent {"src":"n0","dest":"c2","body":{"in_reply_to":174,"messages":[0,1,2,3,4,5,6,7,8,9,10,11,12,13,14,15,16,17,18,19,20,21,22,23,24,25,26,27,28,29,30,31,32,33,34,35,36,37,38,39,40,41,42,43,44,45,46,47,48,49,50,51,52,53,54,55,56,57,58,59,60,61,62,63,64,65,66,67,68,69,70,71,72,73,74,75],"type":"read_ok"}}
2023/05/22 13:06:23 Received {c2 n0 {"type":"broadcast","message":76,"msg_id":175}}
2023/05/22 13:06:23 Sent {"src":"n0","dest":"c2","body":{"in_reply_to":175,"type":"broadcast_ok"}}
2023/05/22 13:06:24 Received {c2 n0 {"type":"broadcast","message":77,"msg_id":176}}
2023/05/22 13:06:24 Sent {"src":"n0","dest":"c2","body":{"in_reply_to":176,"type":"broadcast_ok"}}
2023/05/22 13:06:24 Received {c2 n0 {"type":"broadcast","message":78,"msg_id":177}}
2023/05/22 13:06:24 Sent {"src":"n0","dest":"c2","body":{"in_reply_to":177,"type":"broadcast_ok"}}
2023/05/22 13:06:24 Received {c2 n0 {"type":"broadcast","message":79,"msg_id":178}}
2023/05/22 13:06:24 Sent {"src":"n0","dest":"c2","body":{"in_reply_to":178,"type":"broadcast_ok"}}
2023/05/22 13:06:24 Received {c2 n0 {"type":"read","msg_id":179}}
2023/05/22 13:06:24 Sent {"src":"n0","dest":"c2","body":{"in_reply_to":179,"messages":[0,1,2,3,4,5,6,7,8,9,10,11,12,13,14,15,16,17,18,19,20,21,22,23,24,25,26,27,28,29,30,31,32,33,34,35,36,37,38,39,40,41,42,43,44,45,46,47,48,49,50,51,52,53,54,55,56,57,58,59,60,61,62,63,64,65,66,67,68,69,70,71,72,73,74,75,76,77,78,79],"type":"read_ok"}}
2023/05/22 13:06:24 Received {c2 n0 {"type":"read","msg_id":180}}
2023/05/22 13:06:24 Sent {"src":"n0","dest":"c2","body":{"in_reply_to":180,"messages":[0,1,2,3,4,5,6,7,8,9,10,11,12,13,14,15,16,17,18,19,20,21,22,23,24,25,26,27,28,29,30,31,32,33,34,35,36,37,38,39,40,41,42,43,44,45,46,47,48,49,50,51,52,53,54,55,56,57,58,59,60,61,62,63,64,65,66,67,68,69,70,71,72,73,74,75,76,77,78,79],"type":"read_ok"}}
2023/05/22 13:06:24 Received {c2 n0 {"type":"read","msg_id":181}}
2023/05/22 13:06:24 Sent {"src":"n0","dest":"c2","body":{"in_reply_to":181,"messages":[0,1,2,3,4,5,6,7,8,9,10,11,12,13,14,15,16,17,18,19,20,21,22,23,24,25,26,27,28,29,30,31,32,33,34,35,36,37,38,39,40,41,42,43,44,45,46,47,48,49,50,51,52,53,54,55,56,57,58,59,60,61,62,63,64,65,66,67,68,69,70,71,72,73,74,75,76,77,78,79],"type":"read_ok"}}
2023/05/22 13:06:24 Received {c2 n0 {"type":"broadcast","message":80,"msg_id":182}}
2023/05/22 13:06:24 Sent {"src":"n0","dest":"c2","body":{"in_reply_to":182,"type":"broadcast_ok"}}
2023/05/22 13:06:34 Received {c2 n0 {"type":"read","msg_id":183}}
2023/05/22 13:06:34 Sent {"src":"n0","dest":"c2","body":{"in_reply_to":183,"messages":[0,1,2,3,4,5,6,7,8,9,10,11,12,13,14,15,16,17,18,19,20,21,22,23,24,25,26,27,28,29,30,31,32,33,34,35,36,37,38,39,40,41,42,43,44,45,46,47,48,49,50,51,52,53,54,55,56,57,58,59,60,61,62,63,64,65,66,67,68,69,70,71,72,73,74,75,76,77,78,79,80],"type":"read_ok"}}
