2023-05-22 12:52:05,992{GMT}	INFO	[jepsen test runner] jepsen.core: Test version 945abb49c479bf6db355f157259837a0faef7a0f (plus uncommitted changes)
2023-05-22 12:52:05,993{GMT}	INFO	[jepsen test runner] jepsen.core: Command line:
lein run test -w broadcast --bin /Users/mmt9157/go/bin/maelstrom-broadcast-3a --node-count 1 --time-limit 20 --rate 10
2023-05-22 12:52:06,177{GMT}	INFO	[jepsen test runner] jepsen.core: Running test:
{:args []
 :remote
 #jepsen.control.retry.Remote{:remote #jepsen.control.scp.Remote{:cmd-remote #jepsen.control.sshj.SSHJRemote{:concurrency-limit 6,
                                                                                                             :conn-spec nil,
                                                                                                             :client nil,
                                                                                                             :semaphore nil},
                                                                 :conn-spec nil},
                              :conn nil}
 :log-net-send false
 :node-count 1
 :availability nil
 :max-txn-length 4
 :concurrency 1
 :db
 #object[maelstrom.db$db$reify__16142
         "0x60a3a0fa"
         "maelstrom.db$db$reify__16142@60a3a0fa"]
 :max-writes-per-key 16
 :leave-db-running? false
 :name "broadcast"
 :logging-json? false
 :start-time
 #object[org.joda.time.DateTime "0x704c3ca2" "2023-05-22T12:52:05.239+05:30"]
 :nemesis-interval 10
 :net
 #object[maelstrom.net$jepsen_net$reify__15251
         "0x7d3a9061"
         "maelstrom.net$jepsen_net$reify__15251@7d3a9061"]
 :client
 #object[maelstrom.workload.broadcast$client$reify__16644
         "0x2a2f7a61"
         "maelstrom.workload.broadcast$client$reify__16644@2a2f7a61"]
 :barrier
 #object[java.util.concurrent.CyclicBarrier
         "0x8d40f07"
         "java.util.concurrent.CyclicBarrier@8d40f07"]
 :log-stderr false
 :pure-generators true
 :ssh {:dummy? true}
 :rate 10.0
 :checker
 #object[jepsen.checker$compose$reify__11881
         "0x196c8b93"
         "jepsen.checker$compose$reify__11881@196c8b93"]
 :argv
 ("test"
  "-w"
  "broadcast"
  "--bin"
  "/Users/mmt9157/go/bin/maelstrom-broadcast-3a"
  "--node-count"
  "1"
  "--time-limit"
  "20"
  "--rate"
  "10")
 :nemesis
 (jepsen.nemesis.ReflCompose
  {:fm {:start-partition 0,
        :stop-partition 0,
        :kill 1,
        :start 1,
        :pause 1,
        :resume 1},
   :nemeses [#unprintable "jepsen.nemesis.combined$partition_nemesis$reify__16416@307ca947"
             #unprintable "jepsen.nemesis.combined$db_nemesis$reify__16397@61d1315b"]})
 :nodes ["n0"]
 :test-count 1
 :latency {:mean 0, :dist :constant}
 :bin "/Users/mmt9157/go/bin/maelstrom-broadcast-3a"
 :generator
 ((jepsen.generator.Synchronize
   {:gen (jepsen.generator.TimeLimit
          {:limit 20000000000,
           :cutoff nil,
           :gen (jepsen.generator.Any
                 {:gens [(jepsen.generator.OnThreads
                          {:f #{:nemesis},
                           :context-filter #object[jepsen.generator.context$make_thread_filter$lazy_filter__9167
                                                   "0x11736ebc"
                                                   "jepsen.generator.context$make_thread_filter$lazy_filter__9167@11736ebc"],
                           :gen nil})
                         (jepsen.generator.OnThreads
                          {:f #jepsen.generator.context.AllBut{:element :nemesis},
                           :context-filter #object[jepsen.generator.context$make_thread_filter$lazy_filter__9167
                                                   "0x4a03c4bc"
                                                   "jepsen.generator.context$make_thread_filter$lazy_filter__9167@4a03c4bc"],
                           :gen (jepsen.generator.Stagger
                                 {:dt 200000000,
                                  :next-time nil,
                                  :gen (jepsen.generator.Mix
                                        {:i 0,
                                         :gens [({:f :broadcast, :value 0}
                                                 {:f :broadcast, :value 1}
                                                 {:f :broadcast, :value 2}
                                                 {:f :broadcast, :value 3}
                                                 {:f :broadcast, :value 4}
                                                 {:f :broadcast, :value 5}
                                                 {:f :broadcast, :value 6}
                                                 {:f :broadcast, :value 7}
                                                 ...)
                                                ({:f :read}
                                                 {:f :read}
                                                 {:f :read}
                                                 {:f :read}
                                                 {:f :read}
                                                 {:f :read}
                                                 {:f :read}
                                                 {:f :read}
                                                 ...)]})})})]})})})
  (jepsen.generator.Synchronize
   {:gen (jepsen.generator.OnThreads
          {:f #{:nemesis},
           :context-filter #object[jepsen.generator.context$make_thread_filter$lazy_filter__9167
                                   "0x5aad4194"
                                   "jepsen.generator.context$make_thread_filter$lazy_filter__9167@5aad4194"],
           :gen ()})})
  (jepsen.generator.Synchronize
   {:gen {:type :log, :value "Waiting for recovery..."}})
  (jepsen.generator.Synchronize {:gen {:type :sleep, :value 10}})
  (jepsen.generator.Synchronize
   {:gen (jepsen.generator.OnThreads
          {:f #jepsen.generator.context.AllBut{:element :nemesis},
           :context-filter #object[jepsen.generator.context$make_thread_filter$lazy_filter__9167
                                   "0x50a1c2f3"
                                   "jepsen.generator.context$make_thread_filter$lazy_filter__9167@50a1c2f3"],
           :gen (jepsen.generator.EachThread
                 {:fresh-gen {:f :read, :final? true},
                  :context-filters #object[clojure.core$promise$reify__8591
                                           "0x453ca7f"
                                           {:status :pending, :val nil}],
                  :gens {}})})}))
 :log-net-recv false
 :os
 #object[maelstrom.net$jepsen_os$reify__15254
         "0x5d41b929"
         "maelstrom.net$jepsen_os$reify__15254@5d41b929"]
 :time-limit 20
 :workload :broadcast
 :consistency-models [:strict-serializable]
 :topology :grid}

2023-05-22 12:52:10,872{GMT}	INFO	[jepsen node n0] maelstrom.net: Starting Maelstrom network
2023-05-22 12:52:10,885{GMT}	INFO	[jepsen test runner] jepsen.db: Tearing down DB
2023-05-22 12:52:10,890{GMT}	INFO	[jepsen test runner] jepsen.db: Setting up DB
2023-05-22 12:52:10,897{GMT}	INFO	[jepsen node n0] maelstrom.service: Starting services: (lin-kv lin-tso lww-kv seq-kv)
2023-05-22 12:52:10,906{GMT}	INFO	[jepsen node n0] maelstrom.db: Setting up n0
2023-05-22 12:52:10,908{GMT}	INFO	[jepsen node n0] maelstrom.process: launching /Users/mmt9157/go/bin/maelstrom-broadcast-3a []
2023-05-22 12:52:12,365{GMT}	INFO	[jepsen test runner] jepsen.core: Relative time begins now
2023-05-22 12:52:12,424{GMT}	INFO	[jepsen worker 0] jepsen.util: 0	:invoke	:broadcast	0
2023-05-22 12:52:17,436{GMT}	INFO	[jepsen worker 0] jepsen.util: 0	:info	:broadcast	0	:net-timeout
2023-05-22 12:52:17,446{GMT}	INFO	[jepsen worker 0] jepsen.util: 1	:invoke	:read	nil
2023-05-22 12:52:22,451{GMT}	INFO	[jepsen worker 0] jepsen.util: 1	:fail	:read	nil	:net-timeout
2023-05-22 12:52:22,451{GMT}	INFO	[jepsen worker 0] jepsen.util: 1	:invoke	:read	nil
2023-05-22 12:52:27,458{GMT}	INFO	[jepsen worker 0] jepsen.util: 1	:fail	:read	nil	:net-timeout
2023-05-22 12:52:27,465{GMT}	INFO	[jepsen worker 0] jepsen.util: 1	:invoke	:read	nil
2023-05-22 12:52:32,469{GMT}	INFO	[jepsen worker 0] jepsen.util: 1	:fail	:read	nil	:net-timeout
2023-05-22 12:52:32,470{GMT}	INFO	[jepsen worker 0] jepsen.generator.interpreter: Waiting for recovery...
2023-05-22 12:52:42,476{GMT}	INFO	[jepsen worker 0] jepsen.util: 1	:invoke	:read	nil
2023-05-22 12:52:47,477{GMT}	INFO	[jepsen worker 0] jepsen.util: 1	:fail	:read	nil	:net-timeout
2023-05-22 12:52:47,526{GMT}	INFO	[jepsen test runner] jepsen.core: Run complete, writing
2023-05-22 12:52:47,640{GMT}	INFO	[jepsen node n0] maelstrom.db: Tearing down n0
2023-05-22 12:52:48,510{GMT}	INFO	[jepsen node n0] maelstrom.net: Shutting down Maelstrom network
2023-05-22 12:52:48,516{GMT}	WARN	[jepsen test runner] jepsen.core: Test crashed!
clojure.lang.ExceptionInfo: Node n0 crashed with exit status 2. Before crashing, it wrote to STDOUT:

{"src":"n0","dest":"c0","body":{"in_reply_to":1,"type":"init_ok"}}
{"src":"n0","dest":"c1","body":{"in_reply_to":1,"type":"topology_ok"}}

And to STDERR:

2023/05/22 12:52:12 Received {c0 n0 {"type":"init","node_id":"n0","node_ids":["n0"],"msg_id":1}}
2023/05/22 12:52:12 Node n0 initialized
2023/05/22 12:52:12 Sent {"src":"n0","dest":"c0","body":{"in_reply_to":1,"type":"init_ok"}}
2023/05/22 12:52:12 Received {c1 n0 {"type":"topology","topology":{"n0":[]},"msg_id":1}}
2023/05/22 12:52:12 Sent {"src":"n0","dest":"c1","body":{"in_reply_to":1,"type":"topology_ok"}}
2023/05/22 12:52:12 Received {c2 n0 {"type":"broadcast","message":0,"msg_id":1}}
panic: interface conversion: interface {} is float64, not int

goroutine 18 [running]:
main.(*server).broadcastHandler(0xc00002c1e0, {{0xc000184058, 0x2}, {0xc00018405a, 0x2}, {0xc000196000, 0x2b, 0x30}})
	/Users/mmt9157/Desktop/gossip-glomers/maelstrom-broadcast-3a/main.go:42 +0x25a
github.com/jepsen-io/maelstrom/demo/go.(*Node).handleMessage(0x0?, 0x0?, {{0xc000184058, 0x2}, {0xc00018405a, 0x2}, {0xc000196000, 0x2b, 0x30}})
	/Users/mmt9157/go/pkg/mod/github.com/jepsen-io/maelstrom/demo/go@v0.0.0-20230516124010-52951329816e/node.go:151 +0x96
github.com/jepsen-io/maelstrom/demo/go.(*Node).Run.func2()
	/Users/mmt9157/go/pkg/mod/github.com/jepsen-io/maelstrom/demo/go@v0.0.0-20230516124010-52951329816e/node.go:129 +0x88
created by github.com/jepsen-io/maelstrom/demo/go.(*Node).Run
	/Users/mmt9157/go/pkg/mod/github.com/jepsen-io/maelstrom/demo/go@v0.0.0-20230516124010-52951329816e/node.go:127 +0x44a

Full STDERR logs are available in /Users/mmt9157/Desktop/gossip-glomers/maelstrom-broadcast-3a/store/broadcast/20230522T125205.239+0530/node-logs/n0.log
	at slingshot.support$stack_trace.invoke(support.clj:201)
	at maelstrom.process$stop_node_BANG_.invokeStatic(process.clj:239)
	at maelstrom.process$stop_node_BANG_.invoke(process.clj:217)
	at maelstrom.db$db$reify__16142.teardown_BANG_(db.clj:75)
	at jepsen.db$fn__8744$G__8725__8748.invoke(db.clj:12)
	at jepsen.db$fn__8744$G__8724__8753.invoke(db.clj:12)
	at clojure.core$partial$fn__5908.invoke(core.clj:2642)
	at jepsen.control$on_nodes$fn__8599.invoke(control.clj:314)
	at clojure.lang.AFn.applyToHelper(AFn.java:154)
	at clojure.lang.AFn.applyTo(AFn.java:144)
	at clojure.core$apply.invokeStatic(core.clj:667)
	at clojure.core$with_bindings_STAR_.invokeStatic(core.clj:1990)
	at clojure.core$with_bindings_STAR_.doInvoke(core.clj:1990)
	at clojure.lang.RestFn.applyTo(RestFn.java:142)
	at clojure.core$apply.invokeStatic(core.clj:671)
	at clojure.core$bound_fn_STAR_$fn__5818.doInvoke(core.clj:2020)
	at clojure.lang.RestFn.invoke(RestFn.java:408)
	at dom_top.core$real_pmap_helper$build_thread__211$fn__212.invoke(core.clj:163)
	at clojure.lang.AFn.applyToHelper(AFn.java:152)
	at clojure.lang.AFn.applyTo(AFn.java:144)
	at clojure.core$apply.invokeStatic(core.clj:667)
	at clojure.core$with_bindings_STAR_.invokeStatic(core.clj:1990)
	at clojure.core$with_bindings_STAR_.doInvoke(core.clj:1990)
	at clojure.lang.RestFn.invoke(RestFn.java:425)
	at clojure.lang.AFn.applyToHelper(AFn.java:156)
	at clojure.lang.RestFn.applyTo(RestFn.java:132)
	at clojure.core$apply.invokeStatic(core.clj:671)
	at clojure.core$bound_fn_STAR_$fn__5818.doInvoke(core.clj:2020)
	at clojure.lang.RestFn.invoke(RestFn.java:397)
	at clojure.lang.AFn.run(AFn.java:22)
	at java.base/java.lang.Thread.run(Thread.java:1623)
